# JRE version: Java(TM) SE Runtime Environment (8.0_25-b18) (build 1.8.0_25-b18)
# Java VM: Java HotSpot(TM) 64-Bit Server VM (25.25-b02 mixed mode windows-amd64 compressed oops)
Heap:
 PSYoungGen      total 40960K, used 28518K [0x00000007bc400000, 0x00000007c0000000, 0x00000007c0000000)
  eden space 20480K, 79% used [0x00000007bc400000,0x00000007bd3df150,0x00000007bd800000)
  from space 20480K, 59% used [0x00000007bd800000,0x00000007be3fa728,0x00000007bec00000)
  to   space 19456K, 0% used [0x00000007bed00000,0x00000007bed00000,0x00000007c0000000)
 ParOldGen       total 339456K, used 173663K [0x0000000700000000, 0x0000000714b80000, 0x00000007bc400000)
  object space 339456K, 51% used [0x0000000700000000,0x000000070a997dd0,0x0000000714b80000)
 Metaspace       used 65116K, capacity 65519K, committed 66176K, reserved 1105920K
  class space    used 9476K, capacity 9552K, committed 9600K, reserved 1048576K
GC Heap History (10 events):
Event: 17328.929 GC heap before
{Heap before GC invocations=473 (full 16):
 PSYoungGen      total 44544K, used 43169K [0x00000007bc400000, 0x00000007c0000000, 0x00000007c0000000)
  eden space 29696K, 100% used [0x00000007bc400000,0x00000007be100000,0x00000007be100000)
  from space 14848K, 90% used [0x00000007bf180000,0x00000007bfea8788,0x00000007c0000000)
  to   space 15872K, 0% used [0x00000007be100000,0x00000007be100000,0x00000007bf080000)
 ParOldGen       total 339456K, used 164895K [0x0000000700000000, 0x0000000714b80000, 0x00000007bc400000)
  object space 339456K, 48% used [0x0000000700000000,0x000000070a107dd0,0x0000000714b80000)
 Metaspace       used 65000K, capacity 65391K, committed 65920K, reserved 1105920K
  class space    used 9471K, capacity 9552K, committed 9600K, reserved 1048576K
Event: 17328.937 GC heap after
Heap after GC invocations=473 (full 16):
 PSYoungGen      total 45568K, used 15859K [0x00000007bc400000, 0x00000007c0000000, 0x00000007c0000000)
  eden space 29696K, 0% used [0x00000007bc400000,0x00000007bc400000,0x00000007be100000)
  from space 15872K, 99% used [0x00000007be100000,0x00000007bf07cc98,0x00000007bf080000)
  to   space 15872K, 0% used [0x00000007bf080000,0x00000007bf080000,0x00000007c0000000)
 ParOldGen       total 339456K, used 171031K [0x0000000700000000, 0x0000000714b80000, 0x00000007bc400000)
  object space 339456K, 50% used [0x0000000700000000,0x000000070a705dd0,0x0000000714b80000)
 Metaspace       used 65000K, capacity 65391K, committed 65920K, reserved 1105920K
  class space    used 9471K, capacity 9552K, committed 9600K, reserved 1048576K
}
Event: 17349.541 GC heap before
{Heap before GC invocations=474 (full 16):
 PSYoungGen      total 45568K, used 45555K [0x00000007bc400000, 0x00000007c0000000, 0x00000007c0000000)
  eden space 29696K, 100% used [0x00000007bc400000,0x00000007be100000,0x00000007be100000)
  from space 15872K, 99% used [0x00000007be100000,0x00000007bf07cc98,0x00000007bf080000)
  to   space 15872K, 0% used [0x00000007bf080000,0x00000007bf080000,0x00000007c0000000)
 ParOldGen       total 339456K, used 171031K [0x0000000700000000, 0x0000000714b80000, 0x00000007bc400000)
  object space 339456K, 50% used [0x0000000700000000,0x000000070a705dd0,0x0000000714b80000)
 Metaspace       used 65050K, capacity 65519K, committed 66176K, reserved 1105920K
  class space    used 9471K, capacity 9552K, committed 9600K, reserved 1048576K
Event: 17349.548 GC heap after
Heap after GC invocations=474 (full 16):
 PSYoungGen      total 38400K, used 12691K [0x00000007bc400000, 0x00000007c0000000, 0x00000007c0000000)
  eden space 22528K, 0% used [0x00000007bc400000,0x00000007bc400000,0x00000007bda00000)
  from space 15872K, 79% used [0x00000007bf080000,0x00000007bfce4c60,0x00000007c0000000)
  to   space 19456K, 0% used [0x00000007bda00000,0x00000007bda00000,0x00000007bed00000)
 ParOldGen       total 339456K, used 171031K [0x0000000700000000, 0x0000000714b80000, 0x00000007bc400000)
  object space 339456K, 50% used [0x0000000700000000,0x000000070a705dd0,0x0000000714b80000)
 Metaspace       used 65050K, capacity 65519K, committed 66176K, reserved 1105920K
  class space    used 9471K, capacity 9552K, committed 9600K, reserved 1048576K
}
Event: 17363.541 GC heap before
{Heap before GC invocations=475 (full 16):
 PSYoungGen      total 38400K, used 35219K [0x00000007bc400000, 0x00000007c0000000, 0x00000007c0000000)
  eden space 22528K, 100% used [0x00000007bc400000,0x00000007bda00000,0x00000007bda00000)
  from space 15872K, 79% used [0x00000007bf080000,0x00000007bfce4c60,0x00000007c0000000)
  to   space 19456K, 0% used [0x00000007bda00000,0x00000007bda00000,0x00000007bed00000)
 ParOldGen       total 339456K, used 171031K [0x0000000700000000, 0x0000000714b80000, 0x00000007bc400000)
  object space 339456K, 50% used [0x0000000700000000,0x000000070a705dd0,0x0000000714b80000)
 Metaspace       used 65085K, capacity 65519K, committed 66176K, reserved 1105920K
  class space    used 9474K, capacity 9552K, committed 9600K, reserved 1048576K
Event: 17363.547 GC heap after
Heap after GC invocations=475 (full 16):
 PSYoungGen      total 40960K, used 18233K [0x00000007bc400000, 0x00000007c0000000, 0x00000007c0000000)
  eden space 22528K, 0% used [0x00000007bc400000,0x00000007bc400000,0x00000007bda00000)
  from space 18432K, 98% used [0x00000007bda00000,0x00000007bebce590,0x00000007bec00000)
  to   space 20480K, 0% used [0x00000007bec00000,0x00000007bec00000,0x00000007c0000000)
 ParOldGen       total 339456K, used 171039K [0x0000000700000000, 0x0000000714b80000, 0x00000007bc400000)
  object space 339456K, 50% used [0x0000000700000000,0x000000070a707dd0,0x0000000714b80000)
 Metaspace       used 65085K, capacity 65519K, committed 66176K, reserved 1105920K
  class space    used 9474K, capacity 9552K, committed 9600K, reserved 1048576K
}
Event: 17364.201 GC heap before
{Heap before GC invocations=476 (full 16):
 PSYoungGen      total 40960K, used 40761K [0x00000007bc400000, 0x00000007c0000000, 0x00000007c0000000)
  eden space 22528K, 100% used [0x00000007bc400000,0x00000007bda00000,0x00000007bda00000)
  from space 18432K, 98% used [0x00000007bda00000,0x00000007bebce590,0x00000007bec00000)
  to   space 20480K, 0% used [0x00000007bec00000,0x00000007bec00000,0x00000007c0000000)
 ParOldGen       total 339456K, used 171039K [0x0000000700000000, 0x0000000714b80000, 0x00000007bc400000)
  object space 339456K, 50% used [0x0000000700000000,0x000000070a707dd0,0x0000000714b80000)
 Metaspace       used 65107K, capacity 65519K, committed 66176K, reserved 1105920K
  class space    used 9474K, capacity 9552K, committed 9600K, reserved 1048576K
Event: 17364.208 GC heap after
Heap after GC invocations=476 (full 16):
 PSYoungGen      total 40960K, used 11750K [0x00000007bc400000, 0x00000007c0000000, 0x00000007c0000000)
  eden space 20480K, 0% used [0x00000007bc400000,0x00000007bc400000,0x00000007bd800000)
  from space 20480K, 57% used [0x00000007bec00000,0x00000007bf779a00,0x00000007c0000000)
  to   space 20480K, 0% used [0x00000007bd800000,0x00000007bd800000,0x00000007bec00000)
 ParOldGen       total 339456K, used 173663K [0x0000000700000000, 0x0000000714b80000, 0x00000007bc400000)
  object space 339456K, 51% used [0x0000000700000000,0x000000070a997dd0,0x0000000714b80000)
 Metaspace       used 65107K, capacity 65519K, committed 66176K, reserved 1105920K
  class space    used 9474K, capacity 9552K, committed 9600K, reserved 1048576K
}
Event: 17364.948 GC heap before
{Heap before GC invocations=477 (full 16):
 PSYoungGen      total 40960K, used 32230K [0x00000007bc400000, 0x00000007c0000000, 0x00000007c0000000)
  eden space 20480K, 100% used [0x00000007bc400000,0x00000007bd800000,0x00000007bd800000)
  from space 20480K, 57% used [0x00000007bec00000,0x00000007bf779a00,0x00000007c0000000)
  to   space 20480K, 0% used [0x00000007bd800000,0x00000007bd800000,0x00000007bec00000)
 ParOldGen       total 339456K, used 173663K [0x0000000700000000, 0x0000000714b80000, 0x00000007bc400000)
  object space 339456K, 51% used [0x0000000700000000,0x000000070a997dd0,0x0000000714b80000)
 Metaspace       used 65108K, capacity 65519K, committed 66176K, reserved 1105920K
  class space    used 9474K, capacity 9552K, committed 9600K, reserved 1048576K
Event: 17364.955 GC heap after
Heap after GC invocations=477 (full 16):
 PSYoungGen      total 40960K, used 12265K [0x00000007bc400000, 0x00000007c0000000, 0x00000007c0000000)
  eden space 20480K, 0% used [0x00000007bc400000,0x00000007bc400000,0x00000007bd800000)
  from space 20480K, 59% used [0x00000007bd800000,0x00000007be3fa728,0x00000007bec00000)
  to   space 19456K, 0% used [0x00000007bed00000,0x00000007bed00000,0x00000007c0000000)
 ParOldGen       total 339456K, used 173663K [0x0000000700000000, 0x0000000714b80000, 0x00000007bc400000)
  object space 339456K, 51% used [0x0000000700000000,0x000000070a997dd0,0x0000000714b80000)
 Metaspace       used 65108K, capacity 65519K, committed 66176K, reserved 1105920K
  class space    used 9474K, capacity 9552K, committed 9600K, reserved 1048576K
}

