# JRE version: Java(TM) SE Runtime Environment (8.0_25-b18) (build 1.8.0_25-b18)
# Java VM: Java HotSpot(TM) 64-Bit Server VM (25.25-b02 mixed mode windows-amd64 compressed oops)
Heap:
 PSYoungGen      total 40960K, used 9974K [0x00000007bc400000, 0x00000007c0000000, 0x00000007c0000000)
  eden space 20480K, 38% used [0x00000007bc400000,0x00000007bcba8c00,0x00000007bd800000)
  from space 20480K, 10% used [0x00000007bec00000,0x00000007bee14e10,0x00000007c0000000)
  to   space 20480K, 0% used [0x00000007bd800000,0x00000007bd800000,0x00000007bec00000)
 ParOldGen       total 480256K, used 369688K [0x0000000700000000, 0x000000071d500000, 0x00000007bc400000)
  object space 480256K, 76% used [0x0000000700000000,0x00000007169063c0,0x000000071d500000)
 Metaspace       used 72117K, capacity 72507K, committed 73088K, reserved 1112064K
  class space    used 10496K, capacity 10578K, committed 10624K, reserved 1048576K
GC Heap History (10 events):
Event: 6498.195 GC heap before
{Heap before GC invocations=510 (full 16):
 PSYoungGen      total 40960K, used 29501K [0x00000007bc400000, 0x00000007c0000000, 0x00000007c0000000)
  eden space 20480K, 100% used [0x00000007bc400000,0x00000007bd800000,0x00000007bd800000)
  from space 20480K, 44% used [0x00000007bd800000,0x00000007be0cf658,0x00000007bec00000)
  to   space 20480K, 0% used [0x00000007bec00000,0x00000007bec00000,0x00000007c0000000)
 ParOldGen       total 480256K, used 361536K [0x0000000700000000, 0x000000071d500000, 0x00000007bc400000)
  object space 480256K, 75% used [0x0000000700000000,0x00000007161102f0,0x000000071d500000)
 Metaspace       used 72112K, capacity 72507K, committed 73088K, reserved 1112064K
  class space    used 10496K, capacity 10578K, committed 10624K, reserved 1048576K
Event: 6498.200 GC heap after
Heap after GC invocations=510 (full 16):
 PSYoungGen      total 40960K, used 5953K [0x00000007bc400000, 0x00000007c0000000, 0x00000007c0000000)
  eden space 20480K, 0% used [0x00000007bc400000,0x00000007bc400000,0x00000007bd800000)
  from space 20480K, 29% used [0x00000007bec00000,0x00000007bf1d07d8,0x00000007c0000000)
  to   space 20480K, 0% used [0x00000007bd800000,0x00000007bd800000,0x00000007bec00000)
 ParOldGen       total 480256K, used 365016K [0x0000000700000000, 0x000000071d500000, 0x00000007bc400000)
  object space 480256K, 76% used [0x0000000700000000,0x00000007164762f0,0x000000071d500000)
 Metaspace       used 72112K, capacity 72507K, committed 73088K, reserved 1112064K
  class space    used 10496K, capacity 10578K, committed 10624K, reserved 1048576K
}
Event: 6498.313 GC heap before
{Heap before GC invocations=511 (full 16):
 PSYoungGen      total 40960K, used 26433K [0x00000007bc400000, 0x00000007c0000000, 0x00000007c0000000)
  eden space 20480K, 100% used [0x00000007bc400000,0x00000007bd800000,0x00000007bd800000)
  from space 20480K, 29% used [0x00000007bec00000,0x00000007bf1d07d8,0x00000007c0000000)
  to   space 20480K, 0% used [0x00000007bd800000,0x00000007bd800000,0x00000007bec00000)
 ParOldGen       total 480256K, used 365016K [0x0000000700000000, 0x000000071d500000, 0x00000007bc400000)
  object space 480256K, 76% used [0x0000000700000000,0x00000007164762f0,0x000000071d500000)
 Metaspace       used 72112K, capacity 72507K, committed 73088K, reserved 1112064K
  class space    used 10496K, capacity 10578K, committed 10624K, reserved 1048576K
Event: 6498.316 GC heap after
Heap after GC invocations=511 (full 16):
 PSYoungGen      total 40960K, used 3220K [0x00000007bc400000, 0x00000007c0000000, 0x00000007c0000000)
  eden space 20480K, 0% used [0x00000007bc400000,0x00000007bc400000,0x00000007bd800000)
  from space 20480K, 15% used [0x00000007bd800000,0x00000007bdb25228,0x00000007bec00000)
  to   space 20480K, 0% used [0x00000007bec00000,0x00000007bec00000,0x00000007c0000000)
 ParOldGen       total 480256K, used 367512K [0x0000000700000000, 0x000000071d500000, 0x00000007bc400000)
  object space 480256K, 76% used [0x0000000700000000,0x00000007166e6320,0x000000071d500000)
 Metaspace       used 72112K, capacity 72507K, committed 73088K, reserved 1112064K
  class space    used 10496K, capacity 10578K, committed 10624K, reserved 1048576K
}
Event: 6498.797 GC heap before
{Heap before GC invocations=512 (full 16):
 PSYoungGen      total 40960K, used 23700K [0x00000007bc400000, 0x00000007c0000000, 0x00000007c0000000)
  eden space 20480K, 100% used [0x00000007bc400000,0x00000007bd800000,0x00000007bd800000)
  from space 20480K, 15% used [0x00000007bd800000,0x00000007bdb25228,0x00000007bec00000)
  to   space 20480K, 0% used [0x00000007bec00000,0x00000007bec00000,0x00000007c0000000)
 ParOldGen       total 480256K, used 367512K [0x0000000700000000, 0x000000071d500000, 0x00000007bc400000)
  object space 480256K, 76% used [0x0000000700000000,0x00000007166e6320,0x000000071d500000)
 Metaspace       used 72112K, capacity 72507K, committed 73088K, reserved 1112064K
  class space    used 10496K, capacity 10578K, committed 10624K, reserved 1048576K
Event: 6498.801 GC heap after
Heap after GC invocations=512 (full 16):
 PSYoungGen      total 40960K, used 2845K [0x00000007bc400000, 0x00000007c0000000, 0x00000007c0000000)
  eden space 20480K, 0% used [0x00000007bc400000,0x00000007bc400000,0x00000007bd800000)
  from space 20480K, 13% used [0x00000007bec00000,0x00000007beec7658,0x00000007c0000000)
  to   space 20480K, 0% used [0x00000007bd800000,0x00000007bd800000,0x00000007bec00000)
 ParOldGen       total 480256K, used 368256K [0x0000000700000000, 0x000000071d500000, 0x00000007bc400000)
  object space 480256K, 76% used [0x0000000700000000,0x00000007167a0320,0x000000071d500000)
 Metaspace       used 72112K, capacity 72507K, committed 73088K, reserved 1112064K
  class space    used 10496K, capacity 10578K, committed 10624K, reserved 1048576K
}
Event: 6501.289 GC heap before
{Heap before GC invocations=513 (full 16):
 PSYoungGen      total 40960K, used 23325K [0x00000007bc400000, 0x00000007c0000000, 0x00000007c0000000)
  eden space 20480K, 100% used [0x00000007bc400000,0x00000007bd800000,0x00000007bd800000)
  from space 20480K, 13% used [0x00000007bec00000,0x00000007beec7658,0x00000007c0000000)
  to   space 20480K, 0% used [0x00000007bd800000,0x00000007bd800000,0x00000007bec00000)
 ParOldGen       total 480256K, used 368256K [0x0000000700000000, 0x000000071d500000, 0x00000007bc400000)
  object space 480256K, 76% used [0x0000000700000000,0x00000007167a0320,0x000000071d500000)
 Metaspace       used 72114K, capacity 72507K, committed 73088K, reserved 1112064K
  class space    used 10496K, capacity 10578K, committed 10624K, reserved 1048576K
Event: 6501.292 GC heap after
Heap after GC invocations=513 (full 16):
 PSYoungGen      total 40960K, used 2785K [0x00000007bc400000, 0x00000007c0000000, 0x00000007c0000000)
  eden space 20480K, 0% used [0x00000007bc400000,0x00000007bc400000,0x00000007bd800000)
  from space 20480K, 13% used [0x00000007bd800000,0x00000007bdab85a8,0x00000007bec00000)
  to   space 20480K, 0% used [0x00000007bec00000,0x00000007bec00000,0x00000007c0000000)
 ParOldGen       total 480256K, used 368640K [0x0000000700000000, 0x000000071d500000, 0x00000007bc400000)
  object space 480256K, 76% used [0x0000000700000000,0x0000000716800320,0x000000071d500000)
 Metaspace       used 72114K, capacity 72507K, committed 73088K, reserved 1112064K
  class space    used 10496K, capacity 10578K, committed 10624K, reserved 1048576K
}
Event: 6501.592 GC heap before
{Heap before GC invocations=514 (full 16):
 PSYoungGen      total 40960K, used 23265K [0x00000007bc400000, 0x00000007c0000000, 0x00000007c0000000)
  eden space 20480K, 100% used [0x00000007bc400000,0x00000007bd800000,0x00000007bd800000)
  from space 20480K, 13% used [0x00000007bd800000,0x00000007bdab85a8,0x00000007bec00000)
  to   space 20480K, 0% used [0x00000007bec00000,0x00000007bec00000,0x00000007c0000000)
 ParOldGen       total 480256K, used 368640K [0x0000000700000000, 0x000000071d500000, 0x00000007bc400000)
  object space 480256K, 76% used [0x0000000700000000,0x0000000716800320,0x000000071d500000)
 Metaspace       used 72116K, capacity 72507K, committed 73088K, reserved 1112064K
  class space    used 10496K, capacity 10578K, committed 10624K, reserved 1048576K
Event: 6501.595 GC heap after
Heap after GC invocations=514 (full 16):
 PSYoungGen      total 40960K, used 2131K [0x00000007bc400000, 0x00000007c0000000, 0x00000007c0000000)
  eden space 20480K, 0% used [0x00000007bc400000,0x00000007bc400000,0x00000007bd800000)
  from space 20480K, 10% used [0x00000007bec00000,0x00000007bee14e10,0x00000007c0000000)
  to   space 20480K, 0% used [0x00000007bd800000,0x00000007bd800000,0x00000007bec00000)
 ParOldGen       total 480256K, used 369688K [0x0000000700000000, 0x000000071d500000, 0x00000007bc400000)
  object space 480256K, 76% used [0x0000000700000000,0x00000007169063c0,0x000000071d500000)
 Metaspace       used 72116K, capacity 72507K, committed 73088K, reserved 1112064K
  class space    used 10496K, capacity 10578K, committed 10624K, reserved 1048576K
}

