# JRE version: Java(TM) SE Runtime Environment (8.0_25-b18) (build 1.8.0_25-b18)
# Java VM: Java HotSpot(TM) 64-Bit Server VM (25.25-b02 mixed mode windows-amd64 compressed oops)
Heap:
 PSYoungGen      total 53760K, used 9757K [0x00000007bc400000, 0x00000007c0000000, 0x00000007c0000000)
  eden space 45568K, 15% used [0x00000007bc400000,0x00000007bcabe738,0x00000007bf080000)
  from space 8192K, 34% used [0x00000007bf800000,0x00000007bfac8dc8,0x00000007c0000000)
  to   space 7680K, 0% used [0x00000007bf080000,0x00000007bf080000,0x00000007bf800000)
 ParOldGen       total 180224K, used 127599K [0x0000000700000000, 0x000000070b000000, 0x00000007bc400000)
  object space 180224K, 70% used [0x0000000700000000,0x0000000707c9bec8,0x000000070b000000)
 Metaspace       used 62719K, capacity 63155K, committed 63872K, reserved 1103872K
  class space    used 8978K, capacity 9068K, committed 9088K, reserved 1048576K
GC Heap History (10 events):
Event: 1928.547 GC heap before
{Heap before GC invocations=186 (full 16):
 PSYoungGen      total 49152K, used 39561K [0x00000007bc400000, 0x00000007c0000000, 0x00000007c0000000)
  eden space 37888K, 100% used [0x00000007bc400000,0x00000007be900000,0x00000007be900000)
  from space 11264K, 14% used [0x00000007be900000,0x00000007beaa2640,0x00000007bf400000)
  to   space 10752K, 0% used [0x00000007bf580000,0x00000007bf580000,0x00000007c0000000)
 ParOldGen       total 180224K, used 127575K [0x0000000700000000, 0x000000070b000000, 0x00000007bc400000)
  object space 180224K, 70% used [0x0000000700000000,0x0000000707c95ec8,0x000000070b000000)
 Metaspace       used 62438K, capacity 62845K, committed 63360K, reserved 1103872K
  class space    used 8930K, capacity 9025K, committed 9088K, reserved 1048576K
Event: 1928.550 GC heap after
Heap after GC invocations=186 (full 16):
 PSYoungGen      total 51200K, used 1641K [0x00000007bc400000, 0x00000007c0000000, 0x00000007c0000000)
  eden space 40448K, 0% used [0x00000007bc400000,0x00000007bc400000,0x00000007beb80000)
  from space 10752K, 15% used [0x00000007bf580000,0x00000007bf71a640,0x00000007c0000000)
  to   space 10240K, 0% used [0x00000007beb80000,0x00000007beb80000,0x00000007bf580000)
 ParOldGen       total 180224K, used 127583K [0x0000000700000000, 0x000000070b000000, 0x00000007bc400000)
  object space 180224K, 70% used [0x0000000700000000,0x0000000707c97ec8,0x000000070b000000)
 Metaspace       used 62438K, capacity 62845K, committed 63360K, reserved 1103872K
  class space    used 8930K, capacity 9025K, committed 9088K, reserved 1048576K
}
Event: 1931.256 GC heap before
{Heap before GC invocations=187 (full 16):
 PSYoungGen      total 51200K, used 42089K [0x00000007bc400000, 0x00000007c0000000, 0x00000007c0000000)
  eden space 40448K, 100% used [0x00000007bc400000,0x00000007beb80000,0x00000007beb80000)
  from space 10752K, 15% used [0x00000007bf580000,0x00000007bf71a640,0x00000007c0000000)
  to   space 10240K, 0% used [0x00000007beb80000,0x00000007beb80000,0x00000007bf580000)
 ParOldGen       total 180224K, used 127583K [0x0000000700000000, 0x000000070b000000, 0x00000007bc400000)
  object space 180224K, 70% used [0x0000000700000000,0x0000000707c97ec8,0x000000070b000000)
 Metaspace       used 62508K, capacity 62931K, committed 63616K, reserved 1103872K
  class space    used 8938K, capacity 9036K, committed 9088K, reserved 1048576K
Event: 1931.261 GC heap after
Heap after GC invocations=187 (full 16):
 PSYoungGen      total 50688K, used 2279K [0x00000007bc400000, 0x00000007c0000000, 0x00000007c0000000)
  eden space 40448K, 0% used [0x00000007bc400000,0x00000007bc400000,0x00000007beb80000)
  from space 10240K, 22% used [0x00000007beb80000,0x00000007bedb9f28,0x00000007bf580000)
  to   space 9216K, 0% used [0x00000007bf700000,0x00000007bf700000,0x00000007c0000000)
 ParOldGen       total 180224K, used 127591K [0x0000000700000000, 0x000000070b000000, 0x00000007bc400000)
  object space 180224K, 70% used [0x0000000700000000,0x0000000707c99ec8,0x000000070b000000)
 Metaspace       used 62508K, capacity 62931K, committed 63616K, reserved 1103872K
  class space    used 8938K, capacity 9036K, committed 9088K, reserved 1048576K
}
Event: 1978.137 GC heap before
{Heap before GC invocations=188 (full 16):
 PSYoungGen      total 50688K, used 42727K [0x00000007bc400000, 0x00000007c0000000, 0x00000007c0000000)
  eden space 40448K, 100% used [0x00000007bc400000,0x00000007beb80000,0x00000007beb80000)
  from space 10240K, 22% used [0x00000007beb80000,0x00000007bedb9f28,0x00000007bf580000)
  to   space 9216K, 0% used [0x00000007bf700000,0x00000007bf700000,0x00000007c0000000)
 ParOldGen       total 180224K, used 127591K [0x0000000700000000, 0x000000070b000000, 0x00000007bc400000)
  object space 180224K, 70% used [0x0000000700000000,0x0000000707c99ec8,0x000000070b000000)
 Metaspace       used 62520K, capacity 62931K, committed 63616K, reserved 1103872K
  class space    used 8938K, capacity 9036K, committed 9088K, reserved 1048576K
Event: 1978.144 GC heap after
Heap after GC invocations=188 (full 16):
 PSYoungGen      total 52736K, used 2623K [0x00000007bc400000, 0x00000007c0000000, 0x00000007c0000000)
  eden space 43520K, 0% used [0x00000007bc400000,0x00000007bc400000,0x00000007bee80000)
  from space 9216K, 28% used [0x00000007bf700000,0x00000007bf98fd88,0x00000007c0000000)
  to   space 8704K, 0% used [0x00000007bee80000,0x00000007bee80000,0x00000007bf700000)
 ParOldGen       total 180224K, used 127591K [0x0000000700000000, 0x000000070b000000, 0x00000007bc400000)
  object space 180224K, 70% used [0x0000000700000000,0x0000000707c99ec8,0x000000070b000000)
 Metaspace       used 62520K, capacity 62931K, committed 63616K, reserved 1103872K
  class space    used 8938K, capacity 9036K, committed 9088K, reserved 1048576K
}
Event: 2041.100 GC heap before
{Heap before GC invocations=189 (full 16):
 PSYoungGen      total 52736K, used 46143K [0x00000007bc400000, 0x00000007c0000000, 0x00000007c0000000)
  eden space 43520K, 100% used [0x00000007bc400000,0x00000007bee80000,0x00000007bee80000)
  from space 9216K, 28% used [0x00000007bf700000,0x00000007bf98fd88,0x00000007c0000000)
  to   space 8704K, 0% used [0x00000007bee80000,0x00000007bee80000,0x00000007bf700000)
 ParOldGen       total 180224K, used 127591K [0x0000000700000000, 0x000000070b000000, 0x00000007bc400000)
  object space 180224K, 70% used [0x0000000700000000,0x0000000707c99ec8,0x000000070b000000)
 Metaspace       used 62640K, capacity 63027K, committed 63616K, reserved 1103872K
  class space    used 8978K, capacity 9068K, committed 9088K, reserved 1048576K
Event: 2041.106 GC heap after
Heap after GC invocations=189 (full 16):
 PSYoungGen      total 52224K, used 2982K [0x00000007bc400000, 0x00000007c0000000, 0x00000007c0000000)
  eden space 43520K, 0% used [0x00000007bc400000,0x00000007bc400000,0x00000007bee80000)
  from space 8704K, 34% used [0x00000007bee80000,0x00000007bf169820,0x00000007bf700000)
  to   space 8192K, 0% used [0x00000007bf800000,0x00000007bf800000,0x00000007c0000000)
 ParOldGen       total 180224K, used 127591K [0x0000000700000000, 0x000000070b000000, 0x00000007bc400000)
  object space 180224K, 70% used [0x0000000700000000,0x0000000707c99ec8,0x000000070b000000)
 Metaspace       used 62640K, capacity 63027K, committed 63616K, reserved 1103872K
  class space    used 8978K, capacity 9068K, committed 9088K, reserved 1048576K
}
Event: 2049.065 GC heap before
{Heap before GC invocations=190 (full 16):
 PSYoungGen      total 52224K, used 46502K [0x00000007bc400000, 0x00000007c0000000, 0x00000007c0000000)
  eden space 43520K, 100% used [0x00000007bc400000,0x00000007bee80000,0x00000007bee80000)
  from space 8704K, 34% used [0x00000007bee80000,0x00000007bf169820,0x00000007bf700000)
  to   space 8192K, 0% used [0x00000007bf800000,0x00000007bf800000,0x00000007c0000000)
 ParOldGen       total 180224K, used 127591K [0x0000000700000000, 0x000000070b000000, 0x00000007bc400000)
  object space 180224K, 70% used [0x0000000700000000,0x0000000707c99ec8,0x000000070b000000)
 Metaspace       used 62687K, capacity 63155K, committed 63872K, reserved 1103872K
  class space    used 8978K, capacity 9068K, committed 9088K, reserved 1048576K
Event: 2049.072 GC heap after
Heap after GC invocations=190 (full 16):
 PSYoungGen      total 53760K, used 2851K [0x00000007bc400000, 0x00000007c0000000, 0x00000007c0000000)
  eden space 45568K, 0% used [0x00000007bc400000,0x00000007bc400000,0x00000007bf080000)
  from space 8192K, 34% used [0x00000007bf800000,0x00000007bfac8dc8,0x00000007c0000000)
  to   space 7680K, 0% used [0x00000007bf080000,0x00000007bf080000,0x00000007bf800000)
 ParOldGen       total 180224K, used 127599K [0x0000000700000000, 0x000000070b000000, 0x00000007bc400000)
  object space 180224K, 70% used [0x0000000700000000,0x0000000707c9bec8,0x000000070b000000)
 Metaspace       used 62687K, capacity 63155K, committed 63872K, reserved 1103872K
  class space    used 8978K, capacity 9068K, committed 9088K, reserved 1048576K
}

